[debug] [2022-07-28T14:29:53.923Z] ----------------------------------------------------------------------
[debug] [2022-07-28T14:29:53.925Z] Command:       C:\Program Files\nodejs\node.exe C:\Users\mehedi\AppData\Roaming\npm\node_modules\firebase-tools\lib\bin\firebase.js deploy
[debug] [2022-07-28T14:29:53.926Z] CLI Version:   11.3.0
[debug] [2022-07-28T14:29:53.926Z] Platform:      win32
[debug] [2022-07-28T14:29:53.926Z] Node Version:  v16.16.0
[debug] [2022-07-28T14:29:53.927Z] Time:          Thu Jul 28 2022 20:29:53 GMT+0600 (Bangladesh Standard Time)
[debug] [2022-07-28T14:29:53.927Z] ----------------------------------------------------------------------
[debug] 
[debug] [2022-07-28T14:29:53.995Z] > command requires scopes: ["email","openid","https://www.googleapis.com/auth/cloudplatformprojects.readonly","https://www.googleapis.com/auth/firebase","https://www.googleapis.com/auth/cloud-platform"]
[debug] [2022-07-28T14:29:53.995Z] > authorizing via signed-in user (johirhaquedipok2@gmail.com)
[debug] [2022-07-28T14:29:53.995Z] [iam] checking project sonikon-88dc4 for permissions ["firebase.projects.get","firebasehosting.sites.update"]
[debug] [2022-07-28T14:29:53.997Z] >>> [apiv2][query] POST https://cloudresourcemanager.googleapis.com/v1/projects/sonikon-88dc4:testIamPermissions [none]
[debug] [2022-07-28T14:29:53.998Z] >>> [apiv2][body] POST https://cloudresourcemanager.googleapis.com/v1/projects/sonikon-88dc4:testIamPermissions {"permissions":["firebase.projects.get","firebasehosting.sites.update"]}
[debug] [2022-07-28T14:29:56.576Z] <<< [apiv2][status] POST https://cloudresourcemanager.googleapis.com/v1/projects/sonikon-88dc4:testIamPermissions 200
[debug] [2022-07-28T14:29:56.576Z] <<< [apiv2][body] POST https://cloudresourcemanager.googleapis.com/v1/projects/sonikon-88dc4:testIamPermissions {"permissions":["firebase.projects.get","firebasehosting.sites.update"]}
[debug] [2022-07-28T14:29:56.578Z] >>> [apiv2][query] GET https://firebase.googleapis.com/v1beta1/projects/sonikon-88dc4 [none]
[debug] [2022-07-28T14:29:57.028Z] <<< [apiv2][status] GET https://firebase.googleapis.com/v1beta1/projects/sonikon-88dc4 200
[debug] [2022-07-28T14:29:57.029Z] <<< [apiv2][body] GET https://firebase.googleapis.com/v1beta1/projects/sonikon-88dc4 {"projectId":"sonikon-88dc4","projectNumber":"100127361665","displayName":"sonikon","name":"projects/sonikon-88dc4","resources":{"hostingSite":"sonikon-88dc4"},"state":"ACTIVE","etag":"1_a1192452-6d3b-49db-969e-16add30fbd38"}
[info] 
[info] === Deploying to 'sonikon-88dc4'...
[info] 
[info] i  deploying hosting 
[debug] [2022-07-28T14:29:57.035Z] >>> [apiv2][query] GET https://firebase.googleapis.com/v1beta1/projects/sonikon-88dc4 [none]
[debug] [2022-07-28T14:29:59.584Z] <<< [apiv2][status] GET https://firebase.googleapis.com/v1beta1/projects/sonikon-88dc4 200
[debug] [2022-07-28T14:29:59.584Z] <<< [apiv2][body] GET https://firebase.googleapis.com/v1beta1/projects/sonikon-88dc4 {"projectId":"sonikon-88dc4","projectNumber":"100127361665","displayName":"sonikon","name":"projects/sonikon-88dc4","resources":{"hostingSite":"sonikon-88dc4"},"state":"ACTIVE","etag":"1_a1192452-6d3b-49db-969e-16add30fbd38"}
[debug] [2022-07-28T14:29:59.588Z] >>> [apiv2][query] POST https://firebasehosting.googleapis.com/v1beta1/projects/100127361665/sites/sonikon-88dc4/versions [none]
[debug] [2022-07-28T14:29:59.588Z] >>> [apiv2][body] POST https://firebasehosting.googleapis.com/v1beta1/projects/100127361665/sites/sonikon-88dc4/versions {"config":{"rewrites":[{"glob":"**","path":"/index.html"}]},"labels":{"deployment-tool":"cli-firebase"}}
[debug] [2022-07-28T14:30:01.605Z] <<< [apiv2][status] POST https://firebasehosting.googleapis.com/v1beta1/projects/100127361665/sites/sonikon-88dc4/versions 200
[debug] [2022-07-28T14:30:01.605Z] <<< [apiv2][body] POST https://firebasehosting.googleapis.com/v1beta1/projects/100127361665/sites/sonikon-88dc4/versions {"name":"projects/100127361665/sites/sonikon-88dc4/versions/f3481858db8ac16b","status":"CREATED","config":{"rewrites":[{"glob":"**","path":"/index.html"}]},"labels":{"deployment-tool":"cli-firebase"}}
[info] i  hosting[sonikon-88dc4]: beginning deploy... 
[info] i  hosting[sonikon-88dc4]: found 14 files in build 
[debug] [2022-07-28T14:30:01.652Z] [hosting] uploading with 200 concurrency
[debug] [2022-07-28T14:30:01.997Z] [hosting] hash cache [YnVpbGQ] stored for 14 files
[debug] [2022-07-28T14:30:01.998Z] [hosting][hash queue][FINAL] {"max":323,"min":43,"avg":68.64285714285714,"active":0,"complete":14,"success":14,"errored":0,"retried":0,"total":14,"elapsed":335}
[debug] [2022-07-28T14:30:01.999Z] >>> [apiv2][query] POST https://firebasehosting.googleapis.com/v1beta1/projects/100127361665/sites/sonikon-88dc4/versions/f3481858db8ac16b:populateFiles [none]
[debug] [2022-07-28T14:30:01.999Z] >>> [apiv2][body] POST https://firebasehosting.googleapis.com/v1beta1/projects/100127361665/sites/sonikon-88dc4/versions/f3481858db8ac16b:populateFiles {"files":{"/asset-manifest.json":"63d88a7b939b8a4eea3125c6eea604f7e3438047cfdf038bae8221cd86cbb741","/index.html":"516d3b36e390e5a3af1f81e280c58071281559c21a3640bb3cd6da0b60d17607","/manifest.json":"aff3449bdc238776f5d6d967f19ec491b36aed5fb7f23ccff6500736fd58494a","/robots.txt":"bfe106a3fb878dc83461c86818bf74fc1bdc7f28538ba613cd3e775516ce8b49","/static/css/main.f3e49cdf.css.map":"73a5d69ab8bed2bc2f0ed9f49f6d127079620c5eab2d66ebbf5322a29762348f","/static/js/787.8936963a.chunk.js":"c5f3c933e91ec5c24c4169fef911092ab0eb2d4c2239e6f2526df7a52cccab9c","/static/js/787.8936963a.chunk.js.map":"bbf42083d94d9e8c307d84e2a7dbf8f579f4d7397c5f06315791c1c69a03415e","/static/js/main.20fc4803.js.LICENSE.txt":"617671badb88a3a1c567cbb6593cfe730eefdc9d31eaf1e9b5d7bc7f241c3f57","/static/css/main.f3e49cdf.css":"e0c9995c073632c7a529079c10a1096a1a9a2a262dcbf36b942c71227265a414","/favicon.ico":"c8d20de705fcddd7e374dfd9e8b51b0360d7b4add577f1a116036e413c1d193a","/logo192.png":"3ee59515172ee198f3be375979df15ac5345183e656720a381b8872b2a39dc8b","/logo512.png":"ee7e2f3fdb8209c4b6fd7bef6ba50d1b9dba30a25bb5c3126df057e1cb6f5331","/static/js/main.20fc4803.js":"96affd6dc0f0eeb66c9c7195f77aa6b639847568f6c2c5453be450f001e12f42","/static/js/main.20fc4803.js.map":"e56bb35d7c7a96104c684670f544d8dafc542951f77a8a53e48e3d5bc13c831d"}}
[debug] [2022-07-28T14:30:04.136Z] <<< [apiv2][status] POST https://firebasehosting.googleapis.com/v1beta1/projects/100127361665/sites/sonikon-88dc4/versions/f3481858db8ac16b:populateFiles 200
[debug] [2022-07-28T14:30:04.136Z] <<< [apiv2][body] POST https://firebasehosting.googleapis.com/v1beta1/projects/100127361665/sites/sonikon-88dc4/versions/f3481858db8ac16b:populateFiles {"uploadRequiredHashes":["96affd6dc0f0eeb66c9c7195f77aa6b639847568f6c2c5453be450f001e12f42","516d3b36e390e5a3af1f81e280c58071281559c21a3640bb3cd6da0b60d17607","63d88a7b939b8a4eea3125c6eea604f7e3438047cfdf038bae8221cd86cbb741","e0c9995c073632c7a529079c10a1096a1a9a2a262dcbf36b942c71227265a414","e56bb35d7c7a96104c684670f544d8dafc542951f77a8a53e48e3d5bc13c831d","73a5d69ab8bed2bc2f0ed9f49f6d127079620c5eab2d66ebbf5322a29762348f"],"uploadUrl":"https://upload-firebasehosting.googleapis.com/upload/sites/sonikon-88dc4/versions/f3481858db8ac16b/files"}
[debug] [2022-07-28T14:30:04.139Z] >>> [apiv2][query] POST https://upload-firebasehosting.googleapis.com/upload/sites/sonikon-88dc4/versions/f3481858db8ac16b/files/96affd6dc0f0eeb66c9c7195f77aa6b639847568f6c2c5453be450f001e12f42 [none]
[debug] [2022-07-28T14:30:04.140Z] >>> [apiv2][body] POST https://upload-firebasehosting.googleapis.com/upload/sites/sonikon-88dc4/versions/f3481858db8ac16b/files/96affd6dc0f0eeb66c9c7195f77aa6b639847568f6c2c5453be450f001e12f42 [stream]
[debug] [2022-07-28T14:30:04.141Z] >>> [apiv2][query] POST https://upload-firebasehosting.googleapis.com/upload/sites/sonikon-88dc4/versions/f3481858db8ac16b/files/516d3b36e390e5a3af1f81e280c58071281559c21a3640bb3cd6da0b60d17607 [none]
[debug] [2022-07-28T14:30:04.142Z] >>> [apiv2][body] POST https://upload-firebasehosting.googleapis.com/upload/sites/sonikon-88dc4/versions/f3481858db8ac16b/files/516d3b36e390e5a3af1f81e280c58071281559c21a3640bb3cd6da0b60d17607 [stream]
[debug] [2022-07-28T14:30:04.143Z] >>> [apiv2][query] POST https://upload-firebasehosting.googleapis.com/upload/sites/sonikon-88dc4/versions/f3481858db8ac16b/files/63d88a7b939b8a4eea3125c6eea604f7e3438047cfdf038bae8221cd86cbb741 [none]
[debug] [2022-07-28T14:30:04.143Z] >>> [apiv2][body] POST https://upload-firebasehosting.googleapis.com/upload/sites/sonikon-88dc4/versions/f3481858db8ac16b/files/63d88a7b939b8a4eea3125c6eea604f7e3438047cfdf038bae8221cd86cbb741 [stream]
[debug] [2022-07-28T14:30:04.144Z] >>> [apiv2][query] POST https://upload-firebasehosting.googleapis.com/upload/sites/sonikon-88dc4/versions/f3481858db8ac16b/files/e0c9995c073632c7a529079c10a1096a1a9a2a262dcbf36b942c71227265a414 [none]
[debug] [2022-07-28T14:30:04.144Z] >>> [apiv2][body] POST https://upload-firebasehosting.googleapis.com/upload/sites/sonikon-88dc4/versions/f3481858db8ac16b/files/e0c9995c073632c7a529079c10a1096a1a9a2a262dcbf36b942c71227265a414 [stream]
[debug] [2022-07-28T14:30:04.145Z] >>> [apiv2][query] POST https://upload-firebasehosting.googleapis.com/upload/sites/sonikon-88dc4/versions/f3481858db8ac16b/files/e56bb35d7c7a96104c684670f544d8dafc542951f77a8a53e48e3d5bc13c831d [none]
[debug] [2022-07-28T14:30:04.145Z] >>> [apiv2][body] POST https://upload-firebasehosting.googleapis.com/upload/sites/sonikon-88dc4/versions/f3481858db8ac16b/files/e56bb35d7c7a96104c684670f544d8dafc542951f77a8a53e48e3d5bc13c831d [stream]
[debug] [2022-07-28T14:30:04.146Z] >>> [apiv2][query] POST https://upload-firebasehosting.googleapis.com/upload/sites/sonikon-88dc4/versions/f3481858db8ac16b/files/73a5d69ab8bed2bc2f0ed9f49f6d127079620c5eab2d66ebbf5322a29762348f [none]
[debug] [2022-07-28T14:30:04.146Z] >>> [apiv2][body] POST https://upload-firebasehosting.googleapis.com/upload/sites/sonikon-88dc4/versions/f3481858db8ac16b/files/73a5d69ab8bed2bc2f0ed9f49f6d127079620c5eab2d66ebbf5322a29762348f [stream]
[debug] [2022-07-28T14:30:04.147Z] [hosting][populate queue][FINAL] {"max":2144,"min":2144,"avg":2144,"active":0,"complete":1,"success":1,"errored":0,"retried":0,"total":1,"elapsed":2152}
[debug] [2022-07-28T14:30:04.147Z] [hosting] uploads queued: 6
[debug] [2022-07-28T14:30:05.947Z] <<< [apiv2][status] POST https://upload-firebasehosting.googleapis.com/upload/sites/sonikon-88dc4/versions/f3481858db8ac16b/files/63d88a7b939b8a4eea3125c6eea604f7e3438047cfdf038bae8221cd86cbb741 200
[debug] [2022-07-28T14:30:05.948Z] <<< [apiv2][body] POST https://upload-firebasehosting.googleapis.com/upload/sites/sonikon-88dc4/versions/f3481858db8ac16b/files/63d88a7b939b8a4eea3125c6eea604f7e3438047cfdf038bae8221cd86cbb741 [stream]
[debug] [2022-07-28T14:30:05.996Z] <<< [apiv2][status] POST https://upload-firebasehosting.googleapis.com/upload/sites/sonikon-88dc4/versions/f3481858db8ac16b/files/516d3b36e390e5a3af1f81e280c58071281559c21a3640bb3cd6da0b60d17607 200
[debug] [2022-07-28T14:30:05.996Z] <<< [apiv2][body] POST https://upload-firebasehosting.googleapis.com/upload/sites/sonikon-88dc4/versions/f3481858db8ac16b/files/516d3b36e390e5a3af1f81e280c58071281559c21a3640bb3cd6da0b60d17607 [stream]
[debug] [2022-07-28T14:30:06.039Z] <<< [apiv2][status] POST https://upload-firebasehosting.googleapis.com/upload/sites/sonikon-88dc4/versions/f3481858db8ac16b/files/96affd6dc0f0eeb66c9c7195f77aa6b639847568f6c2c5453be450f001e12f42 200
[debug] [2022-07-28T14:30:06.039Z] <<< [apiv2][body] POST https://upload-firebasehosting.googleapis.com/upload/sites/sonikon-88dc4/versions/f3481858db8ac16b/files/96affd6dc0f0eeb66c9c7195f77aa6b639847568f6c2c5453be450f001e12f42 [stream]
[debug] [2022-07-28T14:30:06.435Z] <<< [apiv2][status] POST https://upload-firebasehosting.googleapis.com/upload/sites/sonikon-88dc4/versions/f3481858db8ac16b/files/73a5d69ab8bed2bc2f0ed9f49f6d127079620c5eab2d66ebbf5322a29762348f 200
[debug] [2022-07-28T14:30:06.436Z] <<< [apiv2][body] POST https://upload-firebasehosting.googleapis.com/upload/sites/sonikon-88dc4/versions/f3481858db8ac16b/files/73a5d69ab8bed2bc2f0ed9f49f6d127079620c5eab2d66ebbf5322a29762348f [stream]
[debug] [2022-07-28T14:30:06.506Z] <<< [apiv2][status] POST https://upload-firebasehosting.googleapis.com/upload/sites/sonikon-88dc4/versions/f3481858db8ac16b/files/e0c9995c073632c7a529079c10a1096a1a9a2a262dcbf36b942c71227265a414 200
[debug] [2022-07-28T14:30:06.507Z] <<< [apiv2][body] POST https://upload-firebasehosting.googleapis.com/upload/sites/sonikon-88dc4/versions/f3481858db8ac16b/files/e0c9995c073632c7a529079c10a1096a1a9a2a262dcbf36b942c71227265a414 [stream]
[debug] [2022-07-28T14:30:06.671Z] <<< [apiv2][status] POST https://upload-firebasehosting.googleapis.com/upload/sites/sonikon-88dc4/versions/f3481858db8ac16b/files/e56bb35d7c7a96104c684670f544d8dafc542951f77a8a53e48e3d5bc13c831d 200
[debug] [2022-07-28T14:30:06.672Z] <<< [apiv2][body] POST https://upload-firebasehosting.googleapis.com/upload/sites/sonikon-88dc4/versions/f3481858db8ac16b/files/e56bb35d7c7a96104c684670f544d8dafc542951f77a8a53e48e3d5bc13c831d [stream]
[debug] [2022-07-28T14:30:06.672Z] [hosting][upload queue][FINAL] {"max":2533,"min":1810,"avg":2128.1666666666665,"active":0,"complete":6,"success":6,"errored":0,"retried":0,"total":6,"elapsed":2536}
[info] +  hosting[sonikon-88dc4]: file upload complete 
[debug] [2022-07-28T14:30:06.673Z] [hosting] deploy completed after 5066ms
[debug] [2022-07-28T14:30:06.676Z] [
  {
    "config": {
      "public": "build",
      "ignore": [
        "firebase.json",
        "**/.*",
        "**/node_modules/**"
      ],
      "rewrites": [
        {
          "source": "**",
          "destination": "/index.html"
        }
      ],
      "site": "sonikon-88dc4"
    },
    "site": "sonikon-88dc4",
    "version": "projects/100127361665/sites/sonikon-88dc4/versions/f3481858db8ac16b"
  }
]
[info] i  hosting[sonikon-88dc4]: finalizing version... 
[debug] [2022-07-28T14:30:06.678Z] >>> [apiv2][query] PATCH https://firebasehosting.googleapis.com/v1beta1/projects/100127361665/sites/sonikon-88dc4/versions/f3481858db8ac16b updateMask=status%2Cconfig
[debug] [2022-07-28T14:30:06.679Z] >>> [apiv2][body] PATCH https://firebasehosting.googleapis.com/v1beta1/projects/100127361665/sites/sonikon-88dc4/versions/f3481858db8ac16b {"status":"FINALIZED","config":{"rewrites":[{"glob":"**","path":"/index.html"}]}}
[debug] [2022-07-28T14:30:08.605Z] <<< [apiv2][status] PATCH https://firebasehosting.googleapis.com/v1beta1/projects/100127361665/sites/sonikon-88dc4/versions/f3481858db8ac16b 200
[debug] [2022-07-28T14:30:08.605Z] <<< [apiv2][body] PATCH https://firebasehosting.googleapis.com/v1beta1/projects/100127361665/sites/sonikon-88dc4/versions/f3481858db8ac16b {"name":"projects/100127361665/sites/sonikon-88dc4/versions/f3481858db8ac16b","status":"FINALIZED","config":{"rewrites":[{"glob":"**","path":"/index.html"}]},"labels":{"deployment-tool":"cli-firebase"},"createTime":"2022-07-28T14:30:03.433238Z","createUser":{"email":"johirhaquedipok2@gmail.com"},"finalizeTime":"2022-07-28T14:30:10.725181Z","finalizeUser":{"email":"johirhaquedipok2@gmail.com"}}
[debug] [2022-07-28T14:30:08.605Z] [hosting] finalized version for sonikon-88dc4:[object Object]
[info] +  hosting[sonikon-88dc4]: version finalized 
[info] i  hosting[sonikon-88dc4]: releasing new version... 
[debug] [2022-07-28T14:30:08.608Z] >>> [apiv2][query] POST https://firebasehosting.googleapis.com/v1beta1/projects/100127361665/sites/sonikon-88dc4/releases versionName=projects%2F100127361665%2Fsites%2Fsonikon-88dc4%2Fversions%2Ff3481858db8ac16b
[debug] [2022-07-28T14:30:08.609Z] >>> [apiv2][body] POST https://firebasehosting.googleapis.com/v1beta1/projects/100127361665/sites/sonikon-88dc4/releases {"message":null}
[debug] [2022-07-28T14:30:10.519Z] <<< [apiv2][status] POST https://firebasehosting.googleapis.com/v1beta1/projects/100127361665/sites/sonikon-88dc4/releases 200
[debug] [2022-07-28T14:30:10.519Z] <<< [apiv2][body] POST https://firebasehosting.googleapis.com/v1beta1/projects/100127361665/sites/sonikon-88dc4/releases {"name":"projects/100127361665/sites/sonikon-88dc4/releases/1659018611836043","version":{"name":"projects/100127361665/sites/sonikon-88dc4/versions/f3481858db8ac16b","status":"FINALIZED","config":{"rewrites":[{"glob":"**","path":"/index.html"}]},"labels":{"deployment-tool":"cli-firebase"},"createTime":"2022-07-28T14:30:03.433238Z","createUser":{"email":"johirhaquedipok2@gmail.com","imageUrl":"https://lh3.googleusercontent.com/a-/AFdZucqZ0WsT6VmC5C9fnWC-i54ESgUOloknz5BsyiIUKw"},"finalizeTime":"2022-07-28T14:30:10.725181Z","finalizeUser":{"email":"johirhaquedipok2@gmail.com","imageUrl":"https://lh3.googleusercontent.com/a-/AFdZucqZ0WsT6VmC5C9fnWC-i54ESgUOloknz5BsyiIUKw"}},"type":"DEPLOY","releaseTime":"2022-07-28T14:30:11.836043265Z","releaseUser":{"email":"johirhaquedipok2@gmail.com","imageUrl":"https://lh3.googleusercontent.com/a-/AFdZucqZ0WsT6VmC5C9fnWC-i54ESgUOloknz5BsyiIUKw"}}
[debug] [2022-07-28T14:30:10.519Z] [hosting] release: {"name":"projects/100127361665/sites/sonikon-88dc4/releases/1659018611836043","version":{"name":"projects/100127361665/sites/sonikon-88dc4/versions/f3481858db8ac16b","status":"FINALIZED","config":{"rewrites":[{"glob":"**","path":"/index.html"}]},"labels":{"deployment-tool":"cli-firebase"},"createTime":"2022-07-28T14:30:03.433238Z","createUser":{"email":"johirhaquedipok2@gmail.com","imageUrl":"https://lh3.googleusercontent.com/a-/AFdZucqZ0WsT6VmC5C9fnWC-i54ESgUOloknz5BsyiIUKw"},"finalizeTime":"2022-07-28T14:30:10.725181Z","finalizeUser":{"email":"johirhaquedipok2@gmail.com","imageUrl":"https://lh3.googleusercontent.com/a-/AFdZucqZ0WsT6VmC5C9fnWC-i54ESgUOloknz5BsyiIUKw"}},"type":"DEPLOY","releaseTime":"2022-07-28T14:30:11.836043265Z","releaseUser":{"email":"johirhaquedipok2@gmail.com","imageUrl":"https://lh3.googleusercontent.com/a-/AFdZucqZ0WsT6VmC5C9fnWC-i54ESgUOloknz5BsyiIUKw"}}
[info] +  hosting[sonikon-88dc4]: release complete 
[info] 
[info] +  Deploy complete! 
[info] 
[info] Project Console: https://console.firebase.google.com/project/sonikon-88dc4/overview
[info] Hosting URL: https://sonikon-88dc4.web.app
